2023-07-05 14:50:56 DEBUG TelegramBot:35 - /start
2023-07-05 14:50:59 DEBUG TelegramBot:35 - hello
2023-07-05 14:54:40 DEBUG TelegramBot:36 - /start
2023-07-05 14:54:42 DEBUG TelegramBot:36 - hi
2023-07-05 14:54:47 DEBUG TelegramBot:36 - ✋
2023-07-05 15:02:08 DEBUG TelegramBot:37 - hello
2023-07-05 15:02:08 ERROR TelegramBot:49 - org.telegram.telegrambots.meta.exceptions.TelegramApiRequestException: Unable to deserialize response
2023-07-05 15:02:40 DEBUG TelegramBot:37 - ✋
2023-07-05 15:02:40 ERROR TelegramBot:49 - org.telegram.telegrambots.meta.exceptions.TelegramApiRequestException: Unable to deserialize response
2023-07-05 15:03:52 DEBUG TelegramBot:37 - hshs
2023-07-05 15:03:52 ERROR TelegramBot:49 - org.telegram.telegrambots.meta.exceptions.TelegramApiRequestException: Unable to deserialize response
2023-07-05 15:04:31 DEBUG TelegramBot:37 - /start
2023-07-05 15:04:31 ERROR TelegramBot:49 - org.telegram.telegrambots.meta.exceptions.TelegramApiRequestException: Unable to deserialize response
2023-07-05 15:05:02 DEBUG TelegramBot:37 - Hello
2023-07-05 15:05:02 ERROR TelegramBot:49 - org.telegram.telegrambots.meta.exceptions.TelegramApiRequestException: Unable to deserialize response
2023-07-05 15:11:49 DEBUG TelegramBot:37 - /start
2023-07-05 15:11:57 DEBUG TelegramBot:37 - hello
2023-07-05 17:22:00 DEBUG TelegramBot:48 - /start
2023-07-05 17:43:49 DEBUG UpdateProducerImpl:12 - hfjhfjhghk
2023-07-05 17:44:31 ERROR UpdateController:36 - Received unsupported message type Update(updateId=242244333, message=null, inlineQuery=null, chosenInlineQuery=null, callbackQuery=null, editedMessage=Message(messageId=167, from=User(id=307657207, firstName=Олег 🇺🇦, isBot=false, lastName=null, userName=olegbroz, languageCode=uk, canJoinGroups=null, canReadAllGroupMessages=null, supportInlineQueries=null, isPremium=null, addedToAttachmentMenu=null), date=1688568229, chat=Chat(id=307657207, type=private, title=null, firstName=Олег 🇺🇦, lastName=null, userName=olegbroz, photo=null, description=null, inviteLink=null, pinnedMessage=null, stickerSetName=null, canSetStickerSet=null, permissions=null, slowModeDelay=null, bio=null, linkedChatId=null, location=null, messageAutoDeleteTime=null, hasPrivateForwards=null, HasProtectedContent=null, joinToSendMessages=null, joinByRequest=null), forwardFrom=null, forwardFromChat=null, forwardDate=null, text=Hello, entities=null, captionEntities=null, audio=null, document=null, photo=null, sticker=null, video=null, contact=null, location=null, venue=null, animation=null, pinnedMessage=null, newChatMembers=[], leftChatMember=null, newChatTitle=null, newChatPhoto=null, deleteChatPhoto=null, groupchatCreated=null, replyToMessage=null, voice=null, caption=null, superGroupCreated=null, channelChatCreated=null, migrateToChatId=null, migrateFromChatId=null, editDate=1688568271, game=null, forwardFromMessageId=null, invoice=null, successfulPayment=null, videoNote=null, authorSignature=null, forwardSignature=null, mediaGroupId=null, connectedWebsite=null, passportData=null, forwardSenderName=null, poll=null, replyMarkup=null, dice=null, viaBot=null, senderChat=null, proximityAlertTriggered=null, messageAutoDeleteTimerChanged=null, isAutomaticForward=null, hasProtectedContent=null, webAppData=null, videoChatStarted=null, videoChatEnded=null, videoChatParticipantsInvited=null, videoChatScheduled=null), channelPost=null, editedChannelPost=null, shippingQuery=null, preCheckoutQuery=null, poll=null, pollAnswer=null, myChatMember=null, chatMember=null, chatJoinRequest=null)
2023-07-05 17:44:56 DEBUG UpdateProducerImpl:12 - 
2023-07-05 17:45:42 DEBUG UpdateProducerImpl:12 - 
2023-07-06 15:45:25 DEBUG UpdateProducerImpl:12 - /start
2023-07-06 15:55:32 DEBUG UpdateProducerImpl:20 - hello
2023-07-08 13:44:09 DEBUG UpdateProducerImpl:20 - /start
2023-07-08 13:45:36 DEBUG UpdateProducerImpl:20 - /start
2023-07-08 13:46:02 DEBUG UpdateProducerImpl:20 - /start
2023-07-08 13:46:50 DEBUG UpdateProducerImpl:20 - /start
2023-07-08 13:47:13 DEBUG UpdateProducerImpl:20 - 
2023-07-08 13:47:30 DEBUG UpdateProducerImpl:20 - /start
2023-07-08 13:47:40 DEBUG UpdateProducerImpl:20 - руддщ
2023-07-08 13:47:50 DEBUG UpdateProducerImpl:20 - hello
2023-07-08 13:48:52 DEBUG UpdateProducerImpl:20 - /start
2023-07-08 13:49:02 DEBUG UpdateProducerImpl:20 - xs
2023-07-08 13:49:18 DEBUG UpdateProducerImpl:20 - /start
2023-07-08 13:49:20 DEBUG UpdateProducerImpl:20 - hell
2023-07-08 13:49:37 DEBUG UpdateProducerImpl:20 - /start
2023-07-08 13:49:39 DEBUG UpdateProducerImpl:20 - sddsd
2023-07-08 13:49:43 DEBUG UpdateProducerImpl:20 - zxzzzz
2023-07-08 13:49:50 DEBUG UpdateProducerImpl:20 - 
2023-07-08 13:50:04 DEBUG UpdateProducerImpl:20 - zxzx
2023-07-08 13:51:31 DEBUG UpdateProducerImpl:20 - /start
2023-07-08 13:52:05 DEBUG UpdateProducerImpl:20 - /start
2023-07-08 13:54:34 DEBUG UpdateProducerImpl:20 - /start
2023-07-08 13:54:40 DEBUG UpdateProducerImpl:20 - 
2023-07-08 13:55:00 DEBUG UpdateProducerImpl:20 - xzczcx
2023-07-08 13:55:09 DEBUG UpdateProducerImpl:20 - 
2023-07-10 11:00:03 DEBUG UpdateProducerImpl:20 - 
2023-07-10 11:00:38 DEBUG UpdateProducerImpl:20 - 
2023-07-10 11:00:47 DEBUG UpdateProducerImpl:20 - hell
2023-07-10 11:00:55 DEBUG UpdateProducerImpl:20 - /start
2023-07-10 11:01:28 DEBUG UpdateProducerImpl:20 - /start
2023-07-10 11:03:20 DEBUG UpdateProducerImpl:20 - /start
2023-07-10 11:11:24 DEBUG UpdateProducerImpl:20 - 
2023-07-10 11:17:24 DEBUG UpdateProducerImpl:20 - 
2023-07-10 11:17:28 DEBUG UpdateProducerImpl:20 - hello
2023-07-10 11:20:10 DEBUG UpdateProducerImpl:20 - asdasd
2023-07-10 11:20:24 DEBUG UpdateProducerImpl:20 - 
2023-07-10 11:37:53 DEBUG UpdateProducerImpl:20 - 
2023-07-10 11:38:14 DEBUG UpdateProducerImpl:20 - helllos
2023-07-10 11:45:02 DEBUG UpdateProducerImpl:20 - 
2023-07-10 11:45:15 DEBUG UpdateProducerImpl:20 - 
2023-07-10 11:45:40 DEBUG UpdateProducerImpl:20 - 
2023-07-10 11:46:00 DEBUG UpdateProducerImpl:20 - dadasdas
2023-07-10 11:46:01 DEBUG UpdateProducerImpl:20 - da
2023-07-10 11:46:02 DEBUG UpdateProducerImpl:20 - asd
2023-07-10 11:46:02 DEBUG UpdateProducerImpl:20 - asd
2023-07-10 11:46:02 DEBUG UpdateProducerImpl:20 - ada
2023-07-10 11:47:08 DEBUG UpdateProducerImpl:20 - /start
2023-07-10 11:47:46 DEBUG UpdateProducerImpl:20 - hi all
2023-07-10 11:51:28 DEBUG UpdateProducerImpl:20 - hello
2023-07-10 11:51:35 DEBUG UpdateProducerImpl:20 - 
2023-07-10 11:55:05 DEBUG UpdateProducerImpl:20 - 
2023-07-10 11:55:18 DEBUG UpdateProducerImpl:20 - hi aalll
2023-07-10 11:58:04 DEBUG UpdateProducerImpl:20 - zczda
2023-07-10 11:58:09 DEBUG UpdateProducerImpl:20 - hi all
2023-07-10 11:58:47 DEBUG UpdateProducerImpl:20 - Xx
2023-07-10 12:01:24 DEBUG UpdateProducerImpl:20 - starter
2023-07-10 12:11:21 DEBUG UpdateProducerImpl:20 - zczcx
2023-07-10 12:11:25 DEBUG UpdateProducerImpl:20 - stop
2023-07-10 12:34:20 DEBUG UpdateProducerImpl:20 - hello
2023-07-10 12:34:49 DEBUG UpdateProducerImpl:20 - hello from chat
2023-07-10 12:36:57 DEBUG UpdateProducerImpl:20 - hello from chat
2023-07-10 13:39:01 DEBUG UpdateProducerImpl:20 - helo
2023-07-10 13:39:01 DEBUG UpdateProducerImpl:20 - sadsa
2023-07-10 13:39:21 DEBUG UpdateProducerImpl:20 - hello
2023-07-10 14:14:03 DEBUG UpdateProducerImpl:20 - hello
2023-07-10 14:16:07 DEBUG UpdateProducerImpl:20 - hello chat
2023-07-10 15:39:52 DEBUG UpdateProducerImpl:20 - hello chat
2023-07-12 10:40:22 DEBUG UpdateProducerImpl:20 - hello chat
2023-07-12 10:41:34 DEBUG UpdateProducerImpl:20 - /start
2023-07-12 10:42:04 DEBUG UpdateProducerImpl:20 - /start
2023-07-12 10:50:53 DEBUG UpdateProducerImpl:20 - hello chat
2023-07-12 10:51:35 DEBUG UpdateProducerImpl:20 - hello chat
